\BOOKMARK [0][-]{chapter.1}{\376\377\000I\000n\000t\000r\000o\000d\000u\000c\000c\000i\000\363\000n}{}% 1
\BOOKMARK [1][-]{section.1.1}{\376\377\000O\000b\000j\000e\000t\000i\000v\000o\000\040\000d\000e\000l\000\040\000d\000o\000c\000u\000m\000e\000n\000t\000o}{chapter.1}% 2
\BOOKMARK [1][-]{section.1.2}{\376\377\000E\000s\000t\000r\000u\000c\000t\000u\000r\000a\000\040\000d\000e\000l\000\040\000d\000o\000c\000u\000m\000e\000n\000t\000o}{chapter.1}% 3
\BOOKMARK [0][-]{chapter.2}{\376\377\000M\000o\000d\000e\000l\000o\000\040\000d\000e\000\040\000n\000e\000g\000o\000c\000i\000o}{}% 4
\BOOKMARK [1][-]{section.2.1}{\376\377\000R\000e\000g\000l\000a\000s\000\040\000d\000e\000\040\000n\000e\000g\000o\000c\000i\000o}{chapter.2}% 5
\BOOKMARK [2][-]{subsection.2.1.1}{\376\377\000R\000e\000g\000l\000a\000s\000\040\000d\000e\000r\000i\000v\000a\000d\000a\000s\000\040\000d\000e\000l\000\040\000s\000i\000s\000t\000e\000m\000a}{section.2.1}% 6
\BOOKMARK [0][-]{chapter.3}{\376\377\000P\000a\000n\000t\000a\000l\000l\000a\000s}{}% 7
\BOOKMARK [1][-]{section.3.1}{\376\377\000G\000e\000n\000e\000r\000a\000l}{chapter.3}% 8
\BOOKMARK [2][-]{subsection.3.1.1}{\376\377\000M\000e\000n\000\372\000\040\000P\000r\000i\000n\000c\000i\000p\000a\000l}{section.3.1}% 9
\BOOKMARK [1][-]{section.3.2}{\376\377\000M\000o\000d\000u\000l\000o\000\040\0001\000\040\000C\000a\000r\000r\000i\000t\000o}{chapter.3}% 10
\BOOKMARK [2][-]{subsection.3.2.1}{\376\377\000C\000a\000r\000r\000i\000t\000o}{section.3.2}% 11
\BOOKMARK [2][-]{subsection.3.2.2}{\376\377\000C\000a\000r\000r\000i\000t\000o\000\040\000a\000l\000e\000r\000t\000a\000\040\000v\000a\000c\000i\000a}{section.3.2}% 12
\BOOKMARK [2][-]{subsection.3.2.3}{\376\377\000C\000a\000r\000r\000i\000t\000o\000\040\000b\000u\000s\000c\000a\000r}{section.3.2}% 13
\BOOKMARK [2][-]{subsection.3.2.4}{\376\377\000C\000a\000r\000r\000i\000t\000o\000\040\000A\000l\000e\000r\000t\000a\000\040\000B\000\372\000s\000q\000u\000e\000d\000a\000\040\000V\000a\000c\000\355\000a}{section.3.2}% 14
\BOOKMARK [2][-]{subsection.3.2.5}{\376\377\000C\000a\000r\000r\000i\000t\000o\000\040\000A\000g\000r\000e\000g\000a\000r}{section.3.2}% 15
\BOOKMARK [2][-]{subsection.3.2.6}{\376\377\000C\000a\000r\000r\000i\000t\000o\000\040\000L\000l\000e\000n\000o}{section.3.2}% 16
\BOOKMARK [2][-]{subsection.3.2.7}{\376\377\000C\000a\000r\000r\000i\000t\000o\000\040\000C\000o\000b\000r\000a\000r}{section.3.2}% 17
\BOOKMARK [2][-]{subsection.3.2.8}{\376\377\000C\000a\000r\000r\000i\000t\000o\000\040\000T\000i\000c\000k\000e\000t}{section.3.2}% 18
\BOOKMARK [2][-]{subsection.3.2.9}{\376\377\000E\000r\000r\000o\000r\000\040\000a\000l\000\040\000c\000o\000n\000e\000c\000t\000a\000r\000\040\000c\000o\000n\000\040\000l\000a\000\040\000B\000D}{section.3.2}% 19
\BOOKMARK [2][-]{subsection.3.2.10}{\376\377\000C\000a\000n\000t\000i\000d\000a\000d\000\040\000d\000e\000\040\000p\000r\000o\000d\000u\000c\000t\000o\000\040\000m\000a\000y\000o\000r\000\040\000a\000\040\000e\000x\000i\000s\000t\000e\000n\000c\000i\000a\000s}{section.3.2}% 20
\BOOKMARK [1][-]{section.3.3}{\376\377\000M\000o\000d\000u\000l\000o\000\040\0002\000\040\000R\000e\000s\000u\000r\000t\000i\000r}{chapter.3}% 21
\BOOKMARK [2][-]{subsection.3.3.1}{\376\377\000R\000e\000s\000u\000r\000t\000i\000r\000\040\000S\000e\000l\000e\000c\000c\000i\000o\000n\000a\000r\000\040\000P\000r\000o\000v\000e\000e\000d\000o\000r}{section.3.3}% 22
\BOOKMARK [2][-]{subsection.3.3.2}{\376\377\000R\000e\000s\000u\000r\000t\000i\000r\000\040\000v\000a\000c\000i\000o}{section.3.3}% 23
\BOOKMARK [2][-]{subsection.3.3.3}{\376\377\000R\000e\000s\000u\000r\000t\000i\000r\000\040\000b\000u\000s\000c\000a\000r}{section.3.3}% 24
\BOOKMARK [2][-]{subsection.3.3.4}{\376\377\000R\000e\000s\000u\000r\000t\000i\000r\000\040\000a\000l\000e\000r\000t\000a\000\040\000b\000\372\000s\000q\000u\000e\000d\000a\000\040\000v\000a\000c\000\355\000a}{section.3.3}% 25
\BOOKMARK [2][-]{subsection.3.3.5}{\376\377\000R\000e\000s\000u\000r\000t\000i\000r\000\040\000A\000g\000r\000e\000g\000a\000r}{section.3.3}% 26
\BOOKMARK [2][-]{subsection.3.3.6}{\376\377\000R\000e\000s\000u\000r\000t\000i\000r\000\040\000L\000l\000e\000n\000o}{section.3.3}% 27
\BOOKMARK [2][-]{subsection.3.3.7}{\376\377\000R\000e\000s\000u\000r\000t\000i\000r\000\040\000C\000o\000n\000f\000i\000r\000m\000a\000c\000i\000o\000n}{section.3.3}% 28
\BOOKMARK [2][-]{subsection.3.3.8}{\376\377\000R\000e\000s\000u\000r\000t\000i\000r\000\040\000O\000k}{section.3.3}% 29
\BOOKMARK [2][-]{subsection.3.3.9}{\376\377\000R\000e\000s\000u\000r\000t\000i\000r\000\040\000R\000e\000g\000i\000s\000t\000r\000a\000r\000\040\000P\000r\000o\000d\000u\000c\000t\000o}{section.3.3}% 30
\BOOKMARK [1][-]{section.3.4}{\376\377\000M\000o\000d\000u\000l\000o\000\040\0003\000\040\000D\000e\000v\000o\000l\000u\000c\000i\000\363\000n}{chapter.3}% 31
\BOOKMARK [2][-]{subsection.3.4.1}{\376\377\000D\000e\000v\000o\000l\000u\000c\000i\000\363\000n\000\040\000B\000\372\000s\000q\000u\000e\000d\000a}{section.3.4}% 32
\BOOKMARK [2][-]{subsection.3.4.2}{\376\377\000D\000e\000v\000o\000l\000u\000c\000i\000\363\000n\000\040\000E\000r\000r\000o\000r}{section.3.4}% 33
\BOOKMARK [2][-]{subsection.3.4.3}{\376\377\000D\000e\000v\000o\000l\000u\000c\000i\000\363\000n\000\040\000L\000i\000s\000t\000a}{section.3.4}% 34
\BOOKMARK [2][-]{subsection.3.4.4}{\376\377\000D\000e\000v\000o\000l\000u\000c\000i\000\363\000n\000\040\000B\000\372\000s\000q\000u\000e\000d\000a\000\040\000E\000r\000r\000o\000r}{section.3.4}% 35
\BOOKMARK [2][-]{subsection.3.4.5}{\376\377\000D\000e\000v\000o\000l\000u\000c\000i\000\363\000n\000\040\000c\000o\000n\000f\000i\000r\000m\000a\000c\000i\000\363\000n}{section.3.4}% 36
\BOOKMARK [2][-]{subsection.3.4.6}{\376\377\000D\000e\000v\000o\000l\000u\000c\000i\000\363\000n\000\040\000c\000o\000m\000p\000l\000e\000t\000a}{section.3.4}% 37
\BOOKMARK [2][-]{subsection.3.4.7}{\376\377\000D\000e\000v\000o\000l\000u\000c\000i\000\363\000n\000\040\000C\000a\000n\000c\000e\000l\000a\000d\000a}{section.3.4}% 38
\BOOKMARK [1][-]{section.3.5}{\376\377\000M\000o\000d\000u\000l\000o\000\040\0005\000\040\000I\000n\000v\000e\000n\000t\000a\000r\000i\000o}{chapter.3}% 39
\BOOKMARK [2][-]{subsection.3.5.1}{\376\377\000I\000n\000t\000e\000r\000f\000a\000z\000\040\000I\000n\000v\000e\000n\000t\000a\000r\000i\000o}{section.3.5}% 40
\BOOKMARK [2][-]{subsection.3.5.2}{\376\377\000F\000o\000r\000m\000u\000l\000a\000r\000i\000o\000\040\000R\000e\000g\000i\000s\000t\000r\000a\000r\000\040\000P\000r\000o\000d\000u\000c\000t\000o}{section.3.5}% 41
\BOOKMARK [2][-]{subsection.3.5.3}{\376\377\000S\000i\000n\000\040\000p\000r\000o\000v\000e\000e\000d\000o\000r\000e\000s\000\040\000r\000e\000g\000i\000s\000t\000r\000a\000d\000o\000s}{section.3.5}% 42
\BOOKMARK [2][-]{subsection.3.5.4}{\376\377\000C\000a\000m\000p\000o\000s\000\040\000v\000a\000c\000\355\000o\000s}{section.3.5}% 43
\BOOKMARK [2][-]{subsection.3.5.5}{\376\377\000E\000r\000r\000o\000r\000e\000s\000\040\000d\000e\000\040\000R\000e\000g\000i\000s\000t\000r\000o}{section.3.5}% 44
\BOOKMARK [2][-]{subsection.3.5.6}{\376\377\000C\000\363\000d\000i\000g\000o\000\040\000d\000e\000\040\000B\000a\000r\000r\000a\000s\000\040\000y\000a\000\040\000r\000e\000g\000i\000s\000t\000r\000a\000d\000o}{section.3.5}% 45
\BOOKMARK [2][-]{subsection.3.5.7}{\376\377\000R\000e\000g\000i\000s\000t\000r\000o\000\040\000e\000x\000i\000t\000o\000s\000o}{section.3.5}% 46
\BOOKMARK [0][-]{chapter.4}{\376\377\000P\000r\000o\000c\000e\000s\000o}{}% 47
\BOOKMARK [1][-]{section.4.1}{\376\377\000B\000P\000M\000N}{chapter.4}% 48
\BOOKMARK [2][-]{subsection.4.1.1}{\376\377\000P\000r\000i\000n\000c\000i\000p\000a\000l}{section.4.1}% 49
\BOOKMARK [2][-]{subsection.4.1.2}{\376\377\000P\000i\000c\000i\000n\000a\000s\000\040\000p\000r\000i\000n\000c\000i\000p\000a\000l\000e\000s}{section.4.1}% 50
\BOOKMARK [2][-]{subsection.4.1.3}{\376\377\000V\000e\000n\000t\000a}{section.4.1}% 51
\BOOKMARK [2][-]{subsection.4.1.4}{\376\377\000C\000o\000m\000p\000r\000a}{section.4.1}% 52
\BOOKMARK [2][-]{subsection.4.1.5}{\376\377\000P\000r\000o\000v\000e\000e\000d\000o\000r\000e\000s}{section.4.1}% 53
\BOOKMARK [2][-]{subsection.4.1.6}{\376\377\000I\000n\000v\000e\000n\000t\000a\000r\000i\000o}{section.4.1}% 54
\BOOKMARK [1][-]{section.4.2}{\376\377\000C\000a\000s\000o\000s\000\040\000d\000e\000\040\000u\000s\000o}{chapter.4}% 55
\BOOKMARK [2][-]{subsection.4.2.1}{\376\377\000D\000i\000a\000g\000r\000a\000m\000a\000\040\000d\000e\000\040\000c\000a\000s\000o\000s\000\040\000d\000e\000\040\000u\000s\000o}{section.4.2}% 56
\BOOKMARK [0][-]{chapter.5}{\376\377\000M\000o\000d\000e\000l\000o\000\040\000d\000e\000\040\000c\000o\000m\000p\000o\000r\000t\000a\000m\000i\000e\000n\000t\000o}{}% 57
\BOOKMARK [1][-]{section.5.1}{\376\377\000C\000U\0001\000.\0001\000.\0002\000\040\000R\000e\000g\000i\000s\000t\000r\000a\000r\000\040\000a\000l\000u\000m\000n\000o}{chapter.5}% 58
\BOOKMARK [2][-]{subsection.5.1.1}{\376\377\000R\000e\000s\000u\000m\000e\000n}{section.5.1}% 59
\BOOKMARK [2][-]{subsection.5.1.2}{\376\377\000D\000e\000s\000c\000r\000i\000p\000c\000i\000\363\000n}{section.5.1}% 60
\BOOKMARK [2][-]{subsection.5.1.3}{\376\377\000T\000r\000a\000y\000e\000c\000t\000o\000r\000i\000a\000s\000\040\000d\000e\000l\000\040\000c\000a\000s\000o\000\040\000d\000e\000\040\000u\000s\000o}{section.5.1}% 61
\BOOKMARK [1][-]{section.5.2}{\376\377\000C\000U\0001\000.\0001\000.\0002\000.\0001\000\040\000A\000g\000r\000e\000g\000a\000r\000\040\000p\000r\000o\000d\000u\000c\000t\000o\000\040\000m\000e\000d\000i\000a\000n\000t\000e\000\040\000b\000u\000s\000q\000u\000e\000d\000a}{chapter.5}% 62
\BOOKMARK [2][-]{subsection.5.2.1}{\376\377\000R\000e\000s\000u\000m\000e\000n}{section.5.2}% 63
\BOOKMARK [2][-]{subsection.5.2.2}{\376\377\000D\000e\000s\000c\000r\000i\000p\000c\000i\000\363\000n}{section.5.2}% 64
\BOOKMARK [2][-]{subsection.5.2.3}{\376\377\000T\000r\000a\000y\000e\000c\000t\000o\000r\000i\000a\000s\000\040\000d\000e\000l\000\040\000c\000a\000s\000o\000\040\000d\000e\000\040\000u\000s\000o}{section.5.2}% 65
\BOOKMARK [1][-]{section.5.3}{\376\377\000C\000U\0001\000.\0001\000.\0005\000\040\000C\000o\000b\000r\000a\000r}{chapter.5}% 66
\BOOKMARK [2][-]{subsection.5.3.1}{\376\377\000R\000e\000s\000u\000m\000e\000n}{section.5.3}% 67
\BOOKMARK [2][-]{subsection.5.3.2}{\376\377\000D\000e\000s\000c\000r\000i\000p\000c\000i\000\363\000n}{section.5.3}% 68
\BOOKMARK [2][-]{subsection.5.3.3}{\376\377\000T\000r\000a\000y\000e\000c\000t\000o\000r\000i\000a\000s\000\040\000d\000e\000l\000\040\000c\000a\000s\000o\000\040\000d\000e\000\040\000u\000s\000o}{section.5.3}% 69
\BOOKMARK [1][-]{section.5.4}{\376\377\000C\000U\0001\000.\0002\000.\0001\000\040\000B\000u\000s\000c\000a\000r\000\040\000v\000e\000n\000t\000a\000\040\000p\000o\000r\000\040\000N\000\372\000m\000e\000r\000o\000\040\000d\000e\000\040\000t\000i\000c\000k\000e\000t}{chapter.5}% 70
\BOOKMARK [2][-]{subsection.5.4.1}{\376\377\000R\000e\000s\000u\000m\000e\000n}{section.5.4}% 71
\BOOKMARK [2][-]{subsection.5.4.2}{\376\377\000D\000e\000s\000c\000r\000i\000p\000c\000i\000\363\000n}{section.5.4}% 72
\BOOKMARK [2][-]{subsection.5.4.3}{\376\377\000T\000r\000a\000y\000e\000c\000t\000o\000r\000i\000a\000s\000\040\000d\000e\000l\000\040\000c\000a\000s\000o\000\040\000d\000e\000\040\000u\000s\000o}{section.5.4}% 73
\BOOKMARK [1][-]{section.5.5}{\376\377\000C\000U\0001\000.\0002\000.\0001\000.\0003\000\040\000D\000e\000v\000o\000l\000v\000e\000r\000\040\000P\000r\000o\000d\000u\000c\000t\000o\000s\000\040\000s\000e\000l\000e\000c\000c\000i\000o\000n\000a\000d\000o\000s}{chapter.5}% 74
\BOOKMARK [2][-]{subsection.5.5.1}{\376\377\000R\000e\000s\000u\000m\000e\000n}{section.5.5}% 75
\BOOKMARK [2][-]{subsection.5.5.2}{\376\377\000D\000e\000s\000c\000r\000i\000p\000c\000i\000\363\000n}{section.5.5}% 76
\BOOKMARK [2][-]{subsection.5.5.3}{\376\377\000T\000r\000a\000y\000e\000c\000t\000o\000r\000i\000a\000s\000\040\000d\000e\000l\000\040\000c\000a\000s\000o\000\040\000d\000e\000\040\000u\000s\000o}{section.5.5}% 77
\BOOKMARK [1][-]{section.5.6}{\376\377\000C\000U\000\040\0001\000.\0003\000\040\000R\000e\000s\000u\000r\000t\000i\000d\000o\000\040\000d\000e\000\040\000p\000r\000o\000d\000u\000c\000t\000o}{chapter.5}% 78
\BOOKMARK [2][-]{subsection.5.6.1}{\376\377\000R\000e\000s\000u\000m\000e\000n}{section.5.6}% 79
\BOOKMARK [2][-]{subsection.5.6.2}{\376\377\000D\000e\000s\000c\000r\000i\000p\000c\000i\000\363\000n}{section.5.6}% 80
\BOOKMARK [2][-]{subsection.5.6.3}{\376\377\000T\000r\000a\000y\000e\000c\000t\000o\000r\000i\000a\000s\000\040\000d\000e\000l\000\040\000c\000a\000s\000o\000\040\000d\000e\000\040\000u\000s\000o}{section.5.6}% 81
\BOOKMARK [1][-]{section.5.7}{\376\377\000C\000U\000\040\0001\000.\0005\000.\0001\000\040\000R\000e\000g\000i\000s\000t\000r\000a\000r\000\040\000p\000r\000o\000d\000u\000c\000t\000o\000\040\000n\000u\000e\000v\000o\000\040\000a\000l\000\040\000I\000n\000v\000e\000n\000t\000a\000r\000i\000o}{chapter.5}% 82
\BOOKMARK [2][-]{subsection.5.7.1}{\376\377\000R\000e\000s\000u\000m\000e\000n}{section.5.7}% 83
\BOOKMARK [2][-]{subsection.5.7.2}{\376\377\000D\000e\000s\000c\000r\000i\000p\000c\000i\000\363\000n}{section.5.7}% 84
\BOOKMARK [2][-]{subsection.5.7.3}{\376\377\000T\000r\000a\000y\000e\000c\000t\000o\000r\000i\000a\000s\000\040\000d\000e\000l\000\040\000c\000a\000s\000o\000\040\000d\000e\000\040\000u\000s\000o}{section.5.7}% 85
