This is pdfTeX, Version 3.14159265-2.6-1.40.20 (TeX Live 2019/Debian) (preloaded format=pdflatex 2021.11.28)  1 JAN 2022 20:13
entering extended mode
 restricted \write18 enabled.
 %&-line parsing enabled.
**analisisTitulacion.tex
(./analisisTitulacion.tex
LaTeX2e <2020-02-02> patch level 2
L3 programming layer <2020-02-14>
(/usr/share/texlive/texmf-dist/tex/latex/base/book.cls
Document Class: book 2019/12/20 v1.4l Standard LaTeX document class
(/usr/share/texlive/texmf-dist/tex/latex/base/bk10.clo
File: bk10.clo 2019/12/20 v1.4l Standard LaTeX file (size option)
)
\c@part=\count167
\c@chapter=\count168
\c@section=\count169
\c@subsection=\count170
\c@subsubsection=\count171
\c@paragraph=\count172
\c@subparagraph=\count173
\c@figure=\count174
\c@table=\count175
\abovecaptionskip=\skip47
\belowcaptionskip=\skip48
\bibindent=\dimen134
) (./cdt/cdtBusiness.sty

LaTeX Warning: You have requested package `cdt/cdtBusiness',
               but the package provides `cdtBusiness'.

Package: cdtBusiness 2013/06/20, v1.0 CDT-ESCOM-IPN Paquete para escribir Model
os de procesos con base en Business Motivation Model de la OMG.
(./cdt/cdtAnalisis.sty

LaTeX Warning: You have requested package `cdt/cdtAnalisis',
               but the package provides `cdtAnalisis'.

Package: cdtAnalisis 2013/04/06, v2.3 CDT-ESCOM-IPN Paquete para escribir docum
entos de Análisis de Requerimeintos
(./cdt/cdtBook.sty

LaTeX Warning: You have requested package `cdt/cdtBook',
               but the package provides `cdtBook'.

Package: cdtBook 2013/04/06, v1.1 CDT-ESCOM-IPN Plantilla para reportes de la C
oordinación
(./cdt/cdtTheme.sty

LaTeX Warning: You have requested package `cdt/cdtTheme',
               but the package provides `cdtTheme'.

Package: cdtTheme 2012/07/27, v1.0 CDT-ESCOM-IPN Plantilla para definir el esti
lo de la documentación de CDT
(/usr/share/texlive/texmf-dist/tex/latex/base/inputenc.sty
Package: inputenc 2018/08/11 v1.3c Input encoding file
\inpenc@prehook=\toks14
\inpenc@posthook=\toks15
)
(/usr/share/texlive/texmf-dist/tex/generic/babel/babel.sty
Package: babel 2020/02/14 3.40 The Babel package

(/usr/share/texlive/texmf-dist/tex/generic/babel/switch.def
File: switch.def 2020/02/14 3.40 Babel switching mechanism
)
(/usr/share/texlive/texmf-dist/tex/generic/babel-spanish/spanish.ldf
Language: spanish.ldf 2016/03/03 v5.0p Spanish support from the babel system

(/usr/share/texlive/texmf-dist/tex/generic/babel/babel.def
File: babel.def 2020/02/14 3.40 Babel common definitions
\babel@savecnt=\count176
\U@D=\dimen135

(/usr/share/texlive/texmf-dist/tex/generic/babel/txtbabel.def)
\bbl@readstream=\read2
\bbl@dirlevel=\count177
)
\es@quottoks=\toks16
\es@quotdepth=\count178
Package babel Info: Making " an active character on input line 561.
Package babel Info: Making . an active character on input line 662.
Package babel Info: Making < an active character on input line 707.
Package babel Info: Making > an active character on input line 707.
))
(/usr/share/texlive/texmf-dist/tex/latex/wasysym/wasysym.sty
Package: wasysym 2020/01/19 v2.4 Wasy-2 symbol support package
\symwasy=\mathgroup4
LaTeX Font Info:    Overwriting symbol font `wasy' in version `bold'
(Font)                  U/wasy/m/n --> U/wasy/b/n on input line 93.
)
(/usr/share/texlive/texmf-dist/tex/latex/marvosym/marvosym.sty
Package: marvosym 2011/07/20 v2.2 Martin Vogel's Symbols font definitions
)
(/usr/share/texlive/texmf-dist/tex/latex/cmbright/cmbright.sty
Package: cmbright 2005/04/13 v8.1 (WaS)
LaTeX Font Info:    Redeclaring symbol font `operators' on input line 29.
LaTeX Font Info:    Overwriting symbol font `operators' in version `normal'
(Font)                  OT1/cmr/m/n --> OT1/cmbr/m/n on input line 29.
LaTeX Font Info:    Overwriting symbol font `operators' in version `bold'
(Font)                  OT1/cmr/bx/n --> OT1/cmbr/m/n on input line 29.
LaTeX Font Info:    Redeclaring symbol font `letters' on input line 30.
LaTeX Font Info:    Overwriting symbol font `letters' in version `normal'
(Font)                  OML/cmm/m/it --> OML/cmbrm/m/it on input line 30.
LaTeX Font Info:    Overwriting symbol font `letters' in version `bold'
(Font)                  OML/cmm/b/it --> OML/cmbrm/m/it on input line 30.
LaTeX Font Info:    Overwriting symbol font `letters' in version `bold'
(Font)                  OML/cmbrm/m/it --> OML/cmbrm/b/it on input line 31.
LaTeX Font Info:    Redeclaring symbol font `symbols' on input line 32.
LaTeX Font Info:    Overwriting symbol font `symbols' in version `normal'
(Font)                  OMS/cmsy/m/n --> OMS/cmbrs/m/n on input line 32.
LaTeX Font Info:    Overwriting symbol font `symbols' in version `bold'
(Font)                  OMS/cmsy/b/n --> OMS/cmbrs/m/n on input line 32.
LaTeX Font Info:    Redeclaring math alphabet \mathit on input line 33.
LaTeX Font Info:    Overwriting math alphabet `\mathit' in version `normal'
(Font)                  OT1/cmr/m/it --> OT1/cmbr/m/sl on input line 33.
LaTeX Font Info:    Overwriting math alphabet `\mathit' in version `bold'
(Font)                  OT1/cmr/bx/it --> OT1/cmbr/m/sl on input line 33.
LaTeX Font Info:    Redeclaring math alphabet \mathbf on input line 34.
LaTeX Font Info:    Overwriting math alphabet `\mathbf' in version `normal'
(Font)                  OT1/cmr/bx/n --> OT1/cmbr/bx/n on input line 34.
LaTeX Font Info:    Overwriting math alphabet `\mathbf' in version `bold'
(Font)                  OT1/cmr/bx/n --> OT1/cmbr/bx/n on input line 34.
LaTeX Font Info:    Redeclaring math alphabet \mathtt on input line 35.
LaTeX Font Info:    Overwriting math alphabet `\mathtt' in version `normal'
(Font)                  OT1/cmtt/m/n --> OT1/cmtl/m/n on input line 35.
LaTeX Font Info:    Overwriting math alphabet `\mathtt' in version `bold'
(Font)                  OT1/cmtt/m/n --> OT1/cmtl/m/n on input line 35.
LaTeX Font Info:    Redeclaring math symbol \alpha on input line 37.
LaTeX Font Info:    Redeclaring math symbol \beta on input line 38.
LaTeX Font Info:    Redeclaring math symbol \gamma on input line 39.
LaTeX Font Info:    Redeclaring math symbol \delta on input line 40.
LaTeX Font Info:    Redeclaring math symbol \epsilon on input line 41.
LaTeX Font Info:    Redeclaring math symbol \zeta on input line 42.
LaTeX Font Info:    Redeclaring math symbol \eta on input line 43.
LaTeX Font Info:    Redeclaring math symbol \theta on input line 44.
LaTeX Font Info:    Redeclaring math symbol \iota on input line 45.
LaTeX Font Info:    Redeclaring math symbol \kappa on input line 46.
LaTeX Font Info:    Redeclaring math symbol \lambda on input line 47.
LaTeX Font Info:    Redeclaring math symbol \mu on input line 48.
LaTeX Font Info:    Redeclaring math symbol \nu on input line 49.
LaTeX Font Info:    Redeclaring math symbol \xi on input line 50.
LaTeX Font Info:    Redeclaring math symbol \pi on input line 51.
LaTeX Font Info:    Redeclaring math symbol \rho on input line 52.
LaTeX Font Info:    Redeclaring math symbol \sigma on input line 53.
LaTeX Font Info:    Redeclaring math symbol \tau on input line 54.
LaTeX Font Info:    Redeclaring math symbol \upsilon on input line 55.
LaTeX Font Info:    Redeclaring math symbol \phi on input line 56.
LaTeX Font Info:    Redeclaring math symbol \chi on input line 57.
LaTeX Font Info:    Redeclaring math symbol \psi on input line 58.
LaTeX Font Info:    Redeclaring math symbol \omega on input line 59.
LaTeX Font Info:    Redeclaring math symbol \varepsilon on input line 60.
LaTeX Font Info:    Redeclaring math symbol \vartheta on input line 61.
LaTeX Font Info:    Redeclaring math symbol \varpi on input line 62.
LaTeX Font Info:    Redeclaring math symbol \varrho on input line 63.
LaTeX Font Info:    Redeclaring math symbol \varsigma on input line 64.
LaTeX Font Info:    Redeclaring math symbol \varphi on input line 65.
LaTeX Info: Redefining \LaTeX on input line 129.
LaTeX Info: Redefining \LaTeXe on input line 139.
LaTeX Font Info:    Trying to load font information for OT1+cmbr on input line 
144.

(/usr/share/texlive/texmf-dist/tex/latex/cmbright/ot1cmbr.fd
File: ot1cmbr.fd 2005/04/13 v8.1 (WaS)
))
(/usr/share/texlive/texmf-dist/tex/latex/graphics/graphicx.sty
Package: graphicx 2019/11/30 v1.2a Enhanced LaTeX Graphics (DPC,SPQR)

(/usr/share/texlive/texmf-dist/tex/latex/graphics/keyval.sty
Package: keyval 2014/10/28 v1.15 key=value parser (DPC)
\KV@toks@=\toks17
)
(/usr/share/texlive/texmf-dist/tex/latex/graphics/graphics.sty
Package: graphics 2019/11/30 v1.4a Standard LaTeX Graphics (DPC,SPQR)

(/usr/share/texlive/texmf-dist/tex/latex/graphics/trig.sty
Package: trig 2016/01/03 v1.10 sin cos tan (DPC)
)
(/usr/share/texlive/texmf-dist/tex/latex/graphics-cfg/graphics.cfg
File: graphics.cfg 2016/06/04 v1.11 sample graphics configuration
)
Package graphics Info: Driver file: pdftex.def on input line 105.

(/usr/share/texlive/texmf-dist/tex/latex/graphics-def/pdftex.def
File: pdftex.def 2018/01/08 v1.0l Graphics/color driver for pdftex
))
\Gin@req@height=\dimen136
\Gin@req@width=\dimen137
)
(/usr/share/texlive/texmf-dist/tex/latex/xcolor/xcolor.sty
Package: xcolor 2016/05/11 v2.12 LaTeX color extensions (UK)

(/usr/share/texlive/texmf-dist/tex/latex/graphics-cfg/color.cfg
File: color.cfg 2016/01/02 v1.6 sample color configuration
)
Package xcolor Info: Package option `usenames' ignored on input line 216.
Package xcolor Info: Driver file: pdftex.def on input line 225.
Package xcolor Info: Model `cmy' substituted by `cmy0' on input line 1348.
Package xcolor Info: Model `hsb' substituted by `rgb' on input line 1352.
Package xcolor Info: Model `RGB' extended on input line 1364.
Package xcolor Info: Model `HTML' substituted by `rgb' on input line 1366.
Package xcolor Info: Model `Hsb' substituted by `hsb' on input line 1367.
Package xcolor Info: Model `tHsb' substituted by `hsb' on input line 1368.
Package xcolor Info: Model `HSB' substituted by `hsb' on input line 1369.
Package xcolor Info: Model `Gray' substituted by `gray' on input line 1370.
Package xcolor Info: Model `wave' substituted by `hsb' on input line 1371.

(/usr/share/texlive/texmf-dist/tex/latex/graphics/dvipsnam.def
File: dvipsnam.def 2016/06/17 v3.0m Driver-dependent file (DPC,SPQR)
))
(/usr/share/texlive/texmf-dist/tex/latex/wallpaper/wallpaper.sty
Package: wallpaper 2005/01/18, v1.01 easy wallpaper formatting (MHFW)

(/usr/share/texlive/texmf-dist/tex/latex/base/ifthen.sty
Package: ifthen 2014/09/29 v1.1c Standard LaTeX ifthen package (DPC)
)
(/usr/share/texlive/texmf-dist/tex/latex/tools/calc.sty
Package: calc 2017/05/25 v4.3 Infix arithmetic (KKT,FJ)
\calc@Acount=\count179
\calc@Bcount=\count180
\calc@Adimen=\dimen138
\calc@Bdimen=\dimen139
\calc@Askip=\skip49
\calc@Bskip=\skip50
LaTeX Info: Redefining \setlength on input line 80.
LaTeX Info: Redefining \addtolength on input line 81.
\calc@Ccount=\count181
\calc@Cskip=\skip51
)
(/usr/share/texlive/texmf-dist/tex/latex/eso-pic/eso-pic.sty
Package: eso-pic 2018/04/12 v2.0h eso-pic (RN)

(/usr/share/texlive/texmf-dist/tex/generic/atbegshi/atbegshi.sty
Package: atbegshi 2019/12/05 v1.19 At begin shipout hook (HO)

(/usr/share/texlive/texmf-dist/tex/generic/infwarerr/infwarerr.sty
Package: infwarerr 2019/12/03 v1.5 Providing info/warning/error messages (HO)
)
(/usr/share/texlive/texmf-dist/tex/generic/ltxcmds/ltxcmds.sty
Package: ltxcmds 2019/12/15 v1.24 LaTeX kernel commands for general use (HO)
)
(/usr/share/texlive/texmf-dist/tex/generic/iftex/iftex.sty
Package: iftex 2019/11/07 v1.0c TeX engine tests
)))
\wpXoffset=\skip52
\wpYoffset=\skip53
\tileXoffset=\skip54
\tileYoffset=\skip55
\tilewidth=\skip56
\tileheight=\skip57
\tileX=\skip58
\tileY=\skip59
)
(/usr/share/texlive/texmf-dist/tex/latex/fancyhdr/fancyhdr.sty
Package: fancyhdr 2019/01/31 v3.10 Extensive control of page headers and footer
s
\f@nch@headwidth=\skip60
\f@nch@O@elh=\skip61
\f@nch@O@erh=\skip62
\f@nch@O@olh=\skip63
\f@nch@O@orh=\skip64
\f@nch@O@elf=\skip65
\f@nch@O@erf=\skip66
\f@nch@O@olf=\skip67
\f@nch@O@orf=\skip68
)
(/usr/share/texlive/texmf-dist/tex/latex/geometry/geometry.sty
Package: geometry 2020/01/02 v5.9 Page Geometry

(/usr/share/texlive/texmf-dist/tex/generic/iftex/ifvtex.sty
Package: ifvtex 2019/10/25 v1.7 ifvtex legacy package. Use iftex instead.
)
\Gm@cnth=\count182
\Gm@cntv=\count183
\c@Gm@tempcnt=\count184
\Gm@bindingoffset=\dimen140
\Gm@wd@mp=\dimen141
\Gm@odd@mp=\dimen142
\Gm@even@mp=\dimen143
\Gm@layoutwidth=\dimen144
\Gm@layoutheight=\dimen145
\Gm@layouthoffset=\dimen146
\Gm@layoutvoffset=\dimen147
\Gm@dimlist=\toks18
)
(/usr/share/texlive/texmf-dist/tex/latex/fncychap/fncychap.sty
Package: fncychap 2007/07/30 v1.34 LaTeX package (Revised chapters)
\RW=\skip69
\mylen=\skip70
\myhi=\skip71
\px=\skip72
\py=\skip73
\pyy=\skip74
\pxx=\skip75
)
(/usr/share/texlive/texmf-dist/tex/latex/url/url.sty
\Urlmuskip=\muskip16
Package: url 2013/09/16  ver 3.4  Verb mode for urls, etc.
)
(/usr/share/texlive/texmf-dist/tex/latex/hyperref/hyperref.sty
Package: hyperref 2020/01/14 v7.00d Hypertext links for LaTeX

(/usr/share/texlive/texmf-dist/tex/latex/pdftexcmds/pdftexcmds.sty
Package: pdftexcmds 2019/11/24 v0.31 Utility functions of pdfTeX for LuaTeX (HO
)
Package pdftexcmds Info: \pdf@primitive is available.
Package pdftexcmds Info: \pdf@ifprimitive is available.
Package pdftexcmds Info: \pdfdraftmode found.
)
(/usr/share/texlive/texmf-dist/tex/generic/kvsetkeys/kvsetkeys.sty
Package: kvsetkeys 2019/12/15 v1.18 Key value parser (HO)
)
(/usr/share/texlive/texmf-dist/tex/generic/kvdefinekeys/kvdefinekeys.sty
Package: kvdefinekeys 2019-12-19 v1.6 Define keys (HO)
)
(/usr/share/texlive/texmf-dist/tex/generic/pdfescape/pdfescape.sty
Package: pdfescape 2019/12/09 v1.15 Implements pdfTeX's escape features (HO)
)
(/usr/share/texlive/texmf-dist/tex/latex/hycolor/hycolor.sty
Package: hycolor 2020-01-27 v1.10 Color options for hyperref/bookmark (HO)
)
(/usr/share/texlive/texmf-dist/tex/latex/letltxmacro/letltxmacro.sty
Package: letltxmacro 2019/12/03 v1.6 Let assignment for LaTeX macros (HO)
)
(/usr/share/texlive/texmf-dist/tex/latex/auxhook/auxhook.sty
Package: auxhook 2019-12-17 v1.6 Hooks for auxiliary files (HO)
)
(/usr/share/texlive/texmf-dist/tex/latex/kvoptions/kvoptions.sty
Package: kvoptions 2019/11/29 v3.13 Key value format for package options (HO)
)
\@linkdim=\dimen148
\Hy@linkcounter=\count185
\Hy@pagecounter=\count186

(/usr/share/texlive/texmf-dist/tex/latex/hyperref/pd1enc.def
File: pd1enc.def 2020/01/14 v7.00d Hyperref: PDFDocEncoding definition (HO)
Now handling font encoding PD1 ...
... no UTF-8 mapping file for font encoding PD1
)
(/usr/share/texlive/texmf-dist/tex/generic/intcalc/intcalc.sty
Package: intcalc 2019/12/15 v1.3 Expandable calculations with integers (HO)
)
(/usr/share/texlive/texmf-dist/tex/generic/etexcmds/etexcmds.sty
Package: etexcmds 2019/12/15 v1.7 Avoid name clashes with e-TeX commands (HO)
)
\Hy@SavedSpaceFactor=\count187
\pdfmajorversion=\count188
Package hyperref Info: Option `bookmarks' set `true' on input line 4421.
Package hyperref Info: Option `colorlinks' set `true' on input line 4421.
Package hyperref Info: Hyper figures OFF on input line 4547.
Package hyperref Info: Link nesting OFF on input line 4552.
Package hyperref Info: Hyper index ON on input line 4555.
Package hyperref Info: Plain pages OFF on input line 4562.
Package hyperref Info: Backreferencing OFF on input line 4567.
Package hyperref Info: Implicit mode ON; LaTeX internals redefined.
Package hyperref Info: Bookmarks ON on input line 4800.
\c@Hy@tempcnt=\count189
LaTeX Info: Redefining \url on input line 5159.
\XeTeXLinkMargin=\dimen149

(/usr/share/texlive/texmf-dist/tex/generic/bitset/bitset.sty
Package: bitset 2019/12/09 v1.3 Handle bit-vector datatype (HO)

(/usr/share/texlive/texmf-dist/tex/generic/bigintcalc/bigintcalc.sty
Package: bigintcalc 2019/12/15 v1.5 Expandable calculations on big integers (HO
)
))
\Fld@menulength=\count190
\Field@Width=\dimen150
\Fld@charsize=\dimen151
Package hyperref Info: Hyper figures OFF on input line 6430.
Package hyperref Info: Link nesting OFF on input line 6435.
Package hyperref Info: Hyper index ON on input line 6438.
Package hyperref Info: backreferencing OFF on input line 6445.
Package hyperref Info: Link coloring ON on input line 6448.
Package hyperref Info: Link coloring with OCG OFF on input line 6455.
Package hyperref Info: PDF/A mode OFF on input line 6460.
LaTeX Info: Redefining \ref on input line 6500.
LaTeX Info: Redefining \pageref on input line 6504.
\Hy@abspage=\count191
\c@Item=\count192
\c@Hfootnote=\count193
)
Package hyperref Info: Driver: hpdftex.

(/usr/share/texlive/texmf-dist/tex/latex/hyperref/hpdftex.def
File: hpdftex.def 2020/01/14 v7.00d Hyperref driver for pdfTeX

(/usr/share/texlive/texmf-dist/tex/latex/atveryend/atveryend.sty
Package: atveryend 2019-12-11 v1.11 Hooks at the very end of document (HO)
Package atveryend Info: \enddocument detected (standard20110627).
)
\Fld@listcount=\count194
\c@bookmark@seq@number=\count195

(/usr/share/texlive/texmf-dist/tex/latex/rerunfilecheck/rerunfilecheck.sty
Package: rerunfilecheck 2019/12/05 v1.9 Rerun checks for auxiliary files (HO)

(/usr/share/texlive/texmf-dist/tex/generic/uniquecounter/uniquecounter.sty
Package: uniquecounter 2019/12/15 v1.4 Provide unlimited unique counter (HO)
)
Package uniquecounter Info: New unique counter `rerunfilecheck' on input line 2
86.
)
\Hy@SectionHShift=\skip76
))
(/usr/share/texlive/texmf-dist/tex/latex/tools/longtable.sty
Package: longtable 2020/01/07 v4.13 Multi-page Table package (DPC)
\LTleft=\skip77
\LTright=\skip78
\LTpre=\skip79
\LTpost=\skip80
\LTchunksize=\count196
\LTcapwidth=\dimen152
\LT@head=\box45
\LT@firsthead=\box46
\LT@foot=\box47
\LT@lastfoot=\box48
\LT@cols=\count197
\LT@rows=\count198
\c@LT@tables=\count199
\c@LT@chunks=\count266
\LT@p@ftn=\toks19
)
(/usr/share/texlive/texmf-dist/tex/latex/colortbl/colortbl.sty
Package: colortbl 2020/01/04 v1.0e Color table columns (DPC)

(/usr/share/texlive/texmf-dist/tex/latex/tools/array.sty
Package: array 2019/08/31 v2.4l Tabular extension package (FMi)
\col@sep=\dimen153
\ar@mcellbox=\box49
\extrarowheight=\dimen154
\NC@list=\toks20
\extratabsurround=\skip81
\backup@length=\skip82
\ar@cellbox=\box50
)
\everycr=\toks21
\minrowclearance=\skip83
)
(/usr/share/texlive/texmf-dist/tex/latex/multirow/multirow.sty
Package: multirow 2019/05/31 v2.5 Span multiple rows of a table
\multirow@colwidth=\skip84
\multirow@cntb=\count267
\multirow@dima=\skip85
\bigstrutjot=\dimen155
))
(/usr/share/texlive/texmf-dist/tex/latex/chapterfolder/chapterfolder.sty
Package: chapterfolder 2005/11/24 v2.0 Package for dealing with folder
\c@@cf@currentpos=\count268
)
(/usr/share/texlive/texmf-dist/tex/latex/keystroke/keystroke.sty
Package: keystroke 2010/04/23 v1.6 3D keystrokes (SuSE GmbH/RN)
\suse@key=\box51
\keystroke@left=\box52
\keystroke@right=\box53
\keystroke@middle=\box54
<keystroke_left.pdf, id=1, 42.1575pt x 195.73125pt>
File: keystroke_left.pdf Graphic file (type pdf)
<use keystroke_left.pdf>
Package pdftex.def Info: keystroke_left.pdf  used on input line 171.
(pdftex.def)             Requested size: 42.15738pt x 195.73076pt.
<keystroke_middle.pdf, id=2, 116.435pt x 195.73125pt>
File: keystroke_middle.pdf Graphic file (type pdf)
<use keystroke_middle.pdf>
Package pdftex.def Info: keystroke_middle.pdf  used on input line 172.
(pdftex.def)             Requested size: 116.43471pt x 195.73076pt.
<keystroke_right.pdf, id=3, 42.1575pt x 195.73125pt>
File: keystroke_right.pdf Graphic file (type pdf)
<use keystroke_right.pdf>
Package pdftex.def Info: keystroke_right.pdf  used on input line 173.
(pdftex.def)             Requested size: 42.15738pt x 195.73076pt.
)
\c@counterUC=\count269
)) (./eld.sty) (/usr/share/texlive/texmf-dist/tex/latex/subfigure/subfigure.sty
Package: subfigure 2002/03/15 v2.1.5 subfigure package
\subfigtopskip=\skip86
\subfigcapskip=\skip87
\subfigcaptopadj=\dimen156
\subfigbottomskip=\skip88
\subfigcapmargin=\dimen157
\subfiglabelskip=\skip89
\c@subfigure=\count270
\c@lofdepth=\count271
\c@subtable=\count272
\c@lotdepth=\count273

****************************************
* Local config file subfigure.cfg used *
****************************************
(/usr/share/texlive/texmf-dist/tex/latex/subfigure/subfigure.cfg)
\subfig@top=\skip90
\subfig@bottom=\skip91
)
(/usr/share/texlive/texmf-dist/tex/latex/cite/cite.sty
LaTeX Info: Redefining \cite on input line 302.
LaTeX Info: Redefining \nocite on input line 332.
Package: cite 2015/02/27  v 5.5
)
(/usr/share/texlive/texmf-dist/tex/latex/tools/verbatim.sty
Package: verbatim 2019/11/10 v1.5r LaTeX2e package for verbatim enhancements
\every@verbatim=\toks22
\verbatim@line=\toks23
\verbatim@in@stream=\read3
)
(/usr/share/texlive/texmf-dist/tex/latex/mdframed/mdframed.sty
Package: mdframed 2013/07/01 1.9b: mdframed

(/usr/share/texlive/texmf-dist/tex/latex/l3packages/xparse/xparse.sty
(/usr/share/texlive/texmf-dist/tex/latex/l3kernel/expl3.sty
Package: expl3 2020-02-14 L3 programming layer (loader) 

(/usr/share/texlive/texmf-dist/tex/latex/l3backend/l3backend-pdfmode.def
File: l3backend-pdfmode.def 2020-02-03 L3 backend support: PDF mode
\l__kernel_color_stack_int=\count274
\l__pdf_internal_box=\box55
))
Package: xparse 2020-02-14 L3 Experimental document command parser
\l__xparse_current_arg_int=\count275
\g__xparse_grabber_int=\count276
\l__xparse_m_args_int=\count277
\l__xparse_v_nesting_int=\count278
)
(/usr/share/texlive/texmf-dist/tex/latex/etoolbox/etoolbox.sty
Package: etoolbox 2019/09/21 v2.5h e-TeX tools for LaTeX (JAW)
\etb@tempcnta=\count279
)
(/usr/share/texlive/texmf-dist/tex/latex/zref/zref-abspage.sty
Package: zref-abspage 2019/11/29 v2.28 Module abspage for zref (HO)

(/usr/share/texlive/texmf-dist/tex/latex/zref/zref-base.sty
Package: zref-base 2019/11/29 v2.28 Module base for zref (HO)
Package zref Info: New property list: main on input line 763.
Package zref Info: New property: default on input line 764.
Package zref Info: New property: page on input line 765.
)
\c@abspage=\count280
Package zref Info: New property: abspage on input line 66.
)
(/usr/share/texlive/texmf-dist/tex/latex/needspace/needspace.sty
Package: needspace 2010/09/12 v1.3d reserve vertical space
)
\mdf@templength=\skip92
\c@mdf@globalstyle@cnt=\count281
\mdf@skipabove@length=\skip93
\mdf@skipbelow@length=\skip94
\mdf@leftmargin@length=\skip95
\mdf@rightmargin@length=\skip96
\mdf@innerleftmargin@length=\skip97
\mdf@innerrightmargin@length=\skip98
\mdf@innertopmargin@length=\skip99
\mdf@innerbottommargin@length=\skip100
\mdf@splittopskip@length=\skip101
\mdf@splitbottomskip@length=\skip102
\mdf@outermargin@length=\skip103
\mdf@innermargin@length=\skip104
\mdf@linewidth@length=\skip105
\mdf@innerlinewidth@length=\skip106
\mdf@middlelinewidth@length=\skip107
\mdf@outerlinewidth@length=\skip108
\mdf@roundcorner@length=\skip109
\mdf@footenotedistance@length=\skip110
\mdf@userdefinedwidth@length=\skip111
\mdf@needspace@length=\skip112
\mdf@frametitleaboveskip@length=\skip113
\mdf@frametitlebelowskip@length=\skip114
\mdf@frametitlerulewidth@length=\skip115
\mdf@frametitleleftmargin@length=\skip116
\mdf@frametitlerightmargin@length=\skip117
\mdf@shadowsize@length=\skip118
\mdf@extratopheight@length=\skip119
\mdf@subtitleabovelinewidth@length=\skip120
\mdf@subtitlebelowlinewidth@length=\skip121
\mdf@subtitleaboveskip@length=\skip122
\mdf@subtitlebelowskip@length=\skip123
\mdf@subtitleinneraboveskip@length=\skip124
\mdf@subtitleinnerbelowskip@length=\skip125
\mdf@subsubtitleabovelinewidth@length=\skip126
\mdf@subsubtitlebelowlinewidth@length=\skip127
\mdf@subsubtitleaboveskip@length=\skip128
\mdf@subsubtitlebelowskip@length=\skip129
\mdf@subsubtitleinneraboveskip@length=\skip130
\mdf@subsubtitleinnerbelowskip@length=\skip131

(/usr/share/texlive/texmf-dist/tex/latex/mdframed/md-frame-0.mdf
File: md-frame-0.mdf 2013/07/01\ 1.9b: md-frame-0
)
\mdf@frametitlebox=\box56
\mdf@footnotebox=\box57
\mdf@splitbox@one=\box58
\mdf@splitbox@two=\box59
\mdf@splitbox@save=\box60
\mdfsplitboxwidth=\skip132
\mdfsplitboxtotalwidth=\skip133
\mdfsplitboxheight=\skip134
\mdfsplitboxdepth=\skip135
\mdfsplitboxtotalheight=\skip136
\mdfframetitleboxwidth=\skip137
\mdfframetitleboxtotalwidth=\skip138
\mdfframetitleboxheight=\skip139
\mdfframetitleboxdepth=\skip140
\mdfframetitleboxtotalheight=\skip141
\mdffootnoteboxwidth=\skip142
\mdffootnoteboxtotalwidth=\skip143
\mdffootnoteboxheight=\skip144
\mdffootnoteboxdepth=\skip145
\mdffootnoteboxtotalheight=\skip146
\mdftotallinewidth=\skip147
\mdfboundingboxwidth=\skip148
\mdfboundingboxtotalwidth=\skip149
\mdfboundingboxheight=\skip150
\mdfboundingboxdepth=\skip151
\mdfboundingboxtotalheight=\skip152
\mdf@freevspace@length=\skip153
\mdf@horizontalwidthofbox@length=\skip154
\mdf@verticalmarginwhole@length=\skip155
\mdf@horizontalspaceofbox=\skip156
\mdfsubtitleheight=\skip157
\mdfsubsubtitleheight=\skip158
\c@mdfcountframes=\count282

****** mdframed patching \endmdf@trivlist

****** -- success******

\mdf@envdepth=\count283
\c@mdf@env@i=\count284
\c@mdf@env@ii=\count285
\c@mdf@zref@counter=\count286
Package zref Info: New property: mdf@pagevalue on input line 895.
)
(./analisisTitulacion.aux
LaTeX Info: Redefining \. on input line 25.
LaTeX Info: Redefining \% on input line 25.
)
\openout1 = `analisisTitulacion.aux'.

LaTeX Font Info:    Checking defaults for OML/cmm/m/it on input line 80.
LaTeX Font Info:    ... okay on input line 80.
LaTeX Font Info:    Checking defaults for OMS/cmsy/m/n on input line 80.
LaTeX Font Info:    ... okay on input line 80.
LaTeX Font Info:    Checking defaults for OT1/cmr/m/n on input line 80.
LaTeX Font Info:    ... okay on input line 80.
LaTeX Font Info:    Checking defaults for T1/cmr/m/n on input line 80.
LaTeX Font Info:    ... okay on input line 80.
LaTeX Font Info:    Checking defaults for TS1/cmr/m/n on input line 80.
LaTeX Font Info:    ... okay on input line 80.
LaTeX Font Info:    Checking defaults for OMX/cmex/m/n on input line 80.
LaTeX Font Info:    ... okay on input line 80.
LaTeX Font Info:    Checking defaults for U/cmr/m/n on input line 80.
LaTeX Font Info:    ... okay on input line 80.
LaTeX Font Info:    Checking defaults for PD1/pdf/m/n on input line 80.
LaTeX Font Info:    ... okay on input line 80.
LaTeX Info: Redefining \. on input line 80.
LaTeX Info: Redefining \% on input line 80.

(/usr/share/texlive/texmf-dist/tex/context/base/mkii/supp-pdf.mkii
[Loading MPS to PDF converter (version 2006.09.02).]
\scratchcounter=\count287
\scratchdimen=\dimen158
\scratchbox=\box61
\nofMPsegments=\count288
\nofMParguments=\count289
\everyMPshowfont=\toks24
\MPscratchCnt=\count290
\MPscratchDim=\dimen159
\MPnumerator=\count291
\makeMPintoPDFobject=\count292
\everyMPtoPDFconversion=\toks25
) (/usr/share/texlive/texmf-dist/tex/latex/epstopdf-pkg/epstopdf-base.sty
Package: epstopdf-base 2020-01-24 v2.11 Base part for package epstopdf
Package epstopdf-base Info: Redefining graphics rule for `.eps' on input line 4
85.

(/usr/share/texlive/texmf-dist/tex/latex/latexconfig/epstopdf-sys.cfg
File: epstopdf-sys.cfg 2010/07/13 v1.3 Configuration of (r)epstopdf for TeX Liv
e
))
\AtBeginShipoutBox=\box62

*geometry* driver: auto-detecting
*geometry* detected driver: pdftex
*geometry* verbose mode - [ preamble ] result:
* driver: pdftex
* paper: <default>
* layout: <same size as paper>
* layoutoffset:(h,v)=(0.0pt,0.0pt)
* modes: twoside 
* h-part:(L,W,R)=(85.35826pt, 443.57848pt, 85.35826pt)
* v-part:(T,H,B)=(99.58464pt, 595.8007pt, 99.58464pt)
* \paperwidth=614.295pt
* \paperheight=794.96999pt
* \textwidth=443.57848pt
* \textheight=595.8007pt
* \oddsidemargin=13.08827pt
* \evensidemargin=13.08827pt
* \topmargin=-2.75284pt
* \headheight=32.0pt
* \headsep=18.06749pt
* \topskip=10.0pt
* \footskip=25.29494pt
* \marginparwidth=125.0pt
* \marginparsep=7.0pt
* \columnsep=10.0pt
* \skip\footins=9.0pt plus 4.0pt minus 2.0pt
* \hoffset=0.0pt
* \voffset=0.0pt
* \mag=1000
* \@twocolumnfalse
* \@twosidetrue
* \@mparswitchtrue
* \@reversemarginfalse
* (1in=72.27pt=25.4mm, 1cm=28.453pt)

Package hyperref Info: Link coloring ON on input line 80.
(/usr/share/texlive/texmf-dist/tex/latex/hyperref/nameref.sty
Package: nameref 2019/09/16 v2.46 Cross-referencing by name of section

(/usr/share/texlive/texmf-dist/tex/latex/refcount/refcount.sty
Package: refcount 2019/12/15 v3.6 Data extraction from label references (HO)
)
(/usr/share/texlive/texmf-dist/tex/generic/gettitlestring/gettitlestring.sty
Package: gettitlestring 2019/12/15 v1.6 Cleanup title references (HO)
)
\c@section@level=\count293
)
LaTeX Info: Redefining \ref on input line 80.
LaTeX Info: Redefining \pageref on input line 80.
LaTeX Info: Redefining \nameref on input line 80.

(./analisisTitulacion.out) (./analisisTitulacion.out)
\@outlinefile=\write3
\openout3 = `analisisTitulacion.out'.

LaTeX Font Info:    Trying to load font information for OML+cmbrm on input line
 88.

(/usr/share/texlive/texmf-dist/tex/latex/cmbright/omlcmbrm.fd
File: omlcmbrm.fd 2005/04/13 v8.1 (WaS)
)
LaTeX Font Info:    Trying to load font information for OMS+cmbrs on input line
 88.

(/usr/share/texlive/texmf-dist/tex/latex/cmbright/omscmbrs.fd
File: omscmbrs.fd 2005/04/13 v8.1 (WaS)
)
LaTeX Font Info:    External font `cmex10' loaded for size
(Font)              <12> on input line 88.
LaTeX Font Info:    External font `cmex10' loaded for size
(Font)              <8> on input line 88.
LaTeX Font Info:    External font `cmex10' loaded for size
(Font)              <6> on input line 88.
LaTeX Font Info:    Trying to load font information for U+wasy on input line 88
.

(/usr/share/texlive/texmf-dist/tex/latex/wasysym/uwasy.fd
File: uwasy.fd 2020/01/19 v2.4 Wasy-2 symbol font definitions
)
<cdt/theme/agua.jpeg, id=312, 1927.2pt x 1084.05pt>
File: cdt/theme/agua.jpeg Graphic file (type jpg)
<use cdt/theme/agua.jpeg>
Package pdftex.def Info: cdt/theme/agua.jpeg  used on input line 88.
(pdftex.def)             Requested size: 614.27586pt x 345.53017pt.
 [1


{/var/lib/texmf/fonts/map/pdftex/updmap/pdftex.map} <./cdt/theme/agua.jpeg>]
<cdt/theme/headerPar.png, id=321, 1228.59pt x 1228.59pt>
File: cdt/theme/headerPar.png Graphic file (type png)
<use cdt/theme/headerPar.png>
Package pdftex.def Info: cdt/theme/headerPar.png  used on input line 91.
(pdftex.def)             Requested size: 34.98143pt x 35.0pt.
<cdt/theme/logoPar.png, id=323, 217.81375pt x 232.87pt>
File: cdt/theme/logoPar.png Graphic file (type png)
<use cdt/theme/logoPar.png>
Package pdftex.def Info: cdt/theme/logoPar.png  used on input line 91.
(pdftex.def)             Requested size: 32.73712pt x 35.0pt.


Package Fancyhdr Warning: \headheight is too small (32.0pt): 
Make it at least 38.75003pt.
We now make it that large for the rest of the document.
This may cause the page layout to be inconsistent, however.

LaTeX Font Info:    Font shape `OT1/cmbr/m/it' in size <5> not available
(Font)              Font shape `OT1/cmbr/m/sl' tried instead on input line 91.
LaTeX Font Info:    Trying to load font information for U+mvs on input line 91.

(/usr/share/texlive/texmf-dist/tex/latex/marvosym/umvs.fd) [2

 <./cdt/theme/headerPar.png> <./cdt/theme/logoPar.png>]
LaTeX Font Info:    External font `cmex10' loaded for size
(Font)              <7> on input line 91.
LaTeX Font Info:    External font `cmex10' loaded for size
(Font)              <5> on input line 91.
LaTeX Font Info:    Font shape `OT1/cmbr/b/n' in size <10> not available
(Font)              Font shape `OT1/cmbr/bx/n' tried instead on input line 91.

Overfull \hbox (2.11287pt too wide) in paragraph at lines 91--93
[] 
 []


Overfull \hbox (2.11287pt too wide) in paragraph at lines 91--93
[]
 []


Underfull \hbox (badness 10000) in paragraph at lines 91--93

 []


Overfull \hbox (5.63939pt too wide) in alignment at lines 93--93
 [] [] [] [] 
 []


Overfull \hbox (5.63939pt too wide) in alignment at lines 93--93
 [] [] [] [] 
 []


Overfull \hbox (6.55298pt too wide) in alignment at lines 94--94
 [] [] [] 
 []


Underfull \vbox (badness 10000) detected at line 94
 []


Overfull \hbox (3.92651pt too wide) in alignment at lines 95--95
 [] 
 []


Overfull \hbox (3.92651pt too wide) in alignment at lines 95--95
 [] 
 []


Overfull \hbox (5.36551pt too wide) in paragraph at lines 97--98
[] 
 []

<cdt/theme/logoInp.png, id=333, 217.81375pt x 232.87pt>
File: cdt/theme/logoInp.png Graphic file (type png)
<use cdt/theme/logoInp.png>
Package pdftex.def Info: cdt/theme/logoInp.png  used on input line 101.
(pdftex.def)             Requested size: 32.73712pt x 35.0pt.
<cdt/theme/headerInp.png, id=334, 217.81375pt x 232.87pt>
File: cdt/theme/headerInp.png Graphic file (type png)
<use cdt/theme/headerInp.png>
Package pdftex.def Info: cdt/theme/headerInp.png  used on input line 101.
(pdftex.def)             Requested size: 32.73712pt x 35.0pt.
[3 <./cdt/theme/logoInp.png> <./cdt/theme/headerInp.png>]
File: cdt/theme/headerPar.png Graphic file (type png)
<use cdt/theme/headerPar.png>
Package pdftex.def Info: cdt/theme/headerPar.png  used on input line 101.
(pdftex.def)             Requested size: 34.98143pt x 35.0pt.
File: cdt/theme/logoPar.png Graphic file (type png)
<use cdt/theme/logoPar.png>
Package pdftex.def Info: cdt/theme/logoPar.png  used on input line 101.
(pdftex.def)             Requested size: 32.73712pt x 35.0pt.
 [4

]
(./analisisTitulacion.toc
LaTeX Info: Redefining \. on input line 1.
LaTeX Info: Redefining \% on input line 1.


LaTeX Font Warning: Font shape `OT1/cmbr/m/sc' undefined
(Font)              using `OT1/cmbr/m/n' instead on input line 35.


Package spanish Warning: Replacing `OT1/cmbr/m/sc' by 
(spanish)                faked small caps on input line 35.

<cdt/theme/pleca.jpg, id=378, 1706.375pt x 371.3875pt>
File: cdt/theme/pleca.jpg Graphic file (type jpg)
<use cdt/theme/pleca.jpg>
Package pdftex.def Info: cdt/theme/pleca.jpg  used on input line 35.
(pdftex.def)             Requested size: 614.29454pt x 133.69939pt.
[1

 <./cdt/theme/pleca.jpg>])
\tf@toc=\write4
\openout4 = `analisisTitulacion.toc'.

File: cdt/theme/headerPar.png Graphic file (type png)
<use cdt/theme/headerPar.png>
Package pdftex.def Info: cdt/theme/headerPar.png  used on input line 106.
(pdftex.def)             Requested size: 34.98143pt x 35.0pt.
File: cdt/theme/logoPar.png Graphic file (type png)
<use cdt/theme/logoPar.png>
Package pdftex.def Info: cdt/theme/logoPar.png  used on input line 106.
(pdftex.def)             Requested size: 32.73712pt x 35.0pt.


Package spanish Warning: Replacing `OT1/cmbr/m/sc' by 
(spanish)                faked small caps on input line 106.

File: cdt/theme/pleca.jpg Graphic file (type jpg)
<use cdt/theme/pleca.jpg>
Package pdftex.def Info: cdt/theme/pleca.jpg  used on input line 106.
(pdftex.def)             Requested size: 614.29454pt x 133.69939pt.
[2]
File: cdt/theme/logoInp.png Graphic file (type png)
<use cdt/theme/logoInp.png>
Package pdftex.def Info: cdt/theme/logoInp.png  used on input line 106.
(pdftex.def)             Requested size: 32.73712pt x 35.0pt.
File: cdt/theme/headerInp.png Graphic file (type png)
<use cdt/theme/headerInp.png>
Package pdftex.def Info: cdt/theme/headerInp.png  used on input line 106.
(pdftex.def)             Requested size: 32.73712pt x 35.0pt.


Package spanish Warning: Replacing `OT1/cmbr/m/sc' by 
(spanish)                faked small caps on input line 106.

File: cdt/theme/pleca.jpg Graphic file (type jpg)
<use cdt/theme/pleca.jpg>
Package pdftex.def Info: cdt/theme/pleca.jpg  used on input line 106.
(pdftex.def)             Requested size: 614.29454pt x 133.69939pt.
[3]
File: cdt/theme/headerPar.png Graphic file (type png)
<use cdt/theme/headerPar.png>
Package pdftex.def Info: cdt/theme/headerPar.png  used on input line 106.
(pdftex.def)             Requested size: 34.98143pt x 35.0pt.
File: cdt/theme/logoPar.png Graphic file (type png)
<use cdt/theme/logoPar.png>
Package pdftex.def Info: cdt/theme/logoPar.png  used on input line 106.
(pdftex.def)             Requested size: 32.73712pt x 35.0pt.


Package spanish Warning: Replacing `OT1/cmbr/m/sc' by 
(spanish)                faked small caps on input line 106.

File: cdt/theme/pleca.jpg Graphic file (type jpg)
<use cdt/theme/pleca.jpg>
Package pdftex.def Info: cdt/theme/pleca.jpg  used on input line 106.
(pdftex.def)             Requested size: 614.29454pt x 133.69939pt.
[4

]
Cap\'{\i }tulo 1.
(./introduccion/introduccion.tex
LaTeX Font Info:    Font shape `OT1/cmbr/b/n' in size <14.4> not available
(Font)              Font shape `OT1/cmbr/bx/n' tried instead on input line 7.

Underfull \hbox (badness 10000) in paragraph at lines 16--17

 []

LaTeX Font Info:    Trying to load font information for TS1+cmbr on input line 
20.
(/usr/share/texlive/texmf-dist/tex/latex/cmbright/ts1cmbr.fd
File: ts1cmbr.fd 2005/04/13 v8.1 (WaS)
))
File: cdt/theme/pleca.jpg Graphic file (type jpg)
<use cdt/theme/pleca.jpg>
Package pdftex.def Info: cdt/theme/pleca.jpg  used on input line 120.
(pdftex.def)             Requested size: 614.29454pt x 133.69939pt.
pdfTeX warning (ext4): destination with the same identifier (name{page.1}) has 
been already used, duplicate ignored
<to be read again> 
                   \relax 
l.120 	\chapter
               {Modelo de negocio}\label{chp:modeloNegocios} [1

]
File: cdt/theme/headerPar.png Graphic file (type png)
<use cdt/theme/headerPar.png>
Package pdftex.def Info: cdt/theme/headerPar.png  used on input line 120.
(pdftex.def)             Requested size: 34.98143pt x 35.0pt.
File: cdt/theme/logoPar.png Graphic file (type png)
<use cdt/theme/logoPar.png>
Package pdftex.def Info: cdt/theme/logoPar.png  used on input line 120.
(pdftex.def)             Requested size: 32.73712pt x 35.0pt.
File: cdt/theme/pleca.jpg Graphic file (type jpg)
<use cdt/theme/pleca.jpg>
Package pdftex.def Info: cdt/theme/pleca.jpg  used on input line 120.
(pdftex.def)             Requested size: 614.29454pt x 133.69939pt.
pdfTeX warning (ext4): destination with the same identifier (name{page.2}) has 
been already used, duplicate ignored
<to be read again> 
                   \relax 
l.120 	\chapter
               {Modelo de negocio}\label{chp:modeloNegocios} [2

]
Cap\'{\i }tulo 2.
(./ModeloNegocios/modelo.tex) (./ModeloNegocios/reglas.tex
LaTeX Font Info:    Font shape `OT1/cmbr/b/n' in size <12> not available
(Font)              Font shape `OT1/cmbr/bx/n' tried instead on input line 31.
<cdt/uc/rules/BRRule.png, id=453, 890.32625pt x 55.20625pt>
File: cdt/uc/rules/BRRule.png Graphic file (type png)
<use cdt/uc/rules/BRRule.png>
Package pdftex.def Info: cdt/uc/rules/BRRule.png  used on input line 35.
(pdftex.def)             Requested size: 443.57848pt x 27.50449pt.
File: cdt/uc/rules/BRRule.png Graphic file (type png)
<use cdt/uc/rules/BRRule.png>
Package pdftex.def Info: cdt/uc/rules/BRRule.png  used on input line 46.
(pdftex.def)             Requested size: 443.57848pt x 27.50449pt.
File: cdt/theme/pleca.jpg Graphic file (type jpg)
<use cdt/theme/pleca.jpg>
Package pdftex.def Info: cdt/theme/pleca.jpg  used on input line 48.
(pdftex.def)             Requested size: 614.29454pt x 133.69939pt.
pdfTeX warning (ext4): destination with the same identifier (name{page.3}) has 
been already used, duplicate ignored
<to be read again> 
                   \relax 
l.48 	\BRitem{Autor}{Oscar Apolonio Tierrablanca}
                                                  [3 <./cdt/uc/rules/BRRule.png
>]
File: cdt/uc/rules/BRRule.png Graphic file (type png)
<use cdt/uc/rules/BRRule.png>
Package pdftex.def Info: cdt/uc/rules/BRRule.png  used on input line 57.
(pdftex.def)             Requested size: 443.57848pt x 27.50449pt.
File: cdt/uc/rules/BRRule.png Graphic file (type png)
<use cdt/uc/rules/BRRule.png>
Package pdftex.def Info: cdt/uc/rules/BRRule.png  used on input line 69.
(pdftex.def)             Requested size: 443.57848pt x 27.50449pt.
File: cdt/uc/rules/BRRule.png Graphic file (type png)
<use cdt/uc/rules/BRRule.png>
Package pdftex.def Info: cdt/uc/rules/BRRule.png  used on input line 81.
(pdftex.def)             Requested size: 443.57848pt x 27.50449pt.
LaTeX Font Info:    Trying to load font information for OMS+cmbr on input line 
87.
 (/usr/share/texlive/texmf-dist/tex/latex/cmbright/omscmbr.fd
File: omscmbr.fd 2005/04/13 v8.1 (WaS)
)
LaTeX Font Info:    Font shape `OMS/cmbr/m/n' in size <10> not available
(Font)              Font shape `OMS/cmbrs/m/n' tried instead on input line 87.
File: cdt/uc/rules/BRRule.png Graphic file (type png)
<use cdt/uc/rules/BRRule.png>
Package pdftex.def Info: cdt/uc/rules/BRRule.png  used on input line 93.
(pdftex.def)             Requested size: 443.57848pt x 27.50449pt.
File: cdt/theme/headerPar.png Graphic file (type png)
<use cdt/theme/headerPar.png>
Package pdftex.def Info: cdt/theme/headerPar.png  used on input line 101.
(pdftex.def)             Requested size: 34.98143pt x 35.0pt.
File: cdt/theme/logoPar.png Graphic file (type png)
<use cdt/theme/logoPar.png>
Package pdftex.def Info: cdt/theme/logoPar.png  used on input line 101.
(pdftex.def)             Requested size: 32.73712pt x 35.0pt.
File: cdt/theme/pleca.jpg Graphic file (type jpg)
<use cdt/theme/pleca.jpg>
Package pdftex.def Info: cdt/theme/pleca.jpg  used on input line 101.
(pdftex.def)             Requested size: 614.29454pt x 133.69939pt.
pdfTeX warning (ext4): destination with the same identifier (name{page.4}) has 
been already used, duplicate ignored
<to be read again> 
                   \relax 
l.101 \end{BusinessRule}
                         [4])
File: cdt/theme/logoInp.png Graphic file (type png)
<use cdt/theme/logoInp.png>
Package pdftex.def Info: cdt/theme/logoInp.png  used on input line 125.
(pdftex.def)             Requested size: 32.73712pt x 35.0pt.
File: cdt/theme/headerInp.png Graphic file (type png)
<use cdt/theme/headerInp.png>
Package pdftex.def Info: cdt/theme/headerInp.png  used on input line 125.
(pdftex.def)             Requested size: 32.73712pt x 35.0pt.
File: cdt/theme/pleca.jpg Graphic file (type jpg)
<use cdt/theme/pleca.jpg>
Package pdftex.def Info: cdt/theme/pleca.jpg  used on input line 125.
(pdftex.def)             Requested size: 614.29454pt x 133.69939pt.
 [5]
File: cdt/theme/headerPar.png Graphic file (type png)
<use cdt/theme/headerPar.png>
Package pdftex.def Info: cdt/theme/headerPar.png  used on input line 125.
(pdftex.def)             Requested size: 34.98143pt x 35.0pt.
File: cdt/theme/logoPar.png Graphic file (type png)
<use cdt/theme/logoPar.png>
Package pdftex.def Info: cdt/theme/logoPar.png  used on input line 125.
(pdftex.def)             Requested size: 32.73712pt x 35.0pt.
File: cdt/theme/pleca.jpg Graphic file (type jpg)
<use cdt/theme/pleca.jpg>
Package pdftex.def Info: cdt/theme/pleca.jpg  used on input line 125.
(pdftex.def)             Requested size: 614.29454pt x 133.69939pt.
 [6

]
Cap\'{\i }tulo 3.
File: cdt/theme/pleca.jpg Graphic file (type jpg)
<use cdt/theme/pleca.jpg>
Package pdftex.def Info: cdt/theme/pleca.jpg  used on input line 129.
(pdftex.def)             Requested size: 614.29454pt x 133.69939pt.
[7]
File: cdt/theme/headerPar.png Graphic file (type png)
<use cdt/theme/headerPar.png>
Package pdftex.def Info: cdt/theme/headerPar.png  used on input line 129.
(pdftex.def)             Requested size: 34.98143pt x 35.0pt.
File: cdt/theme/logoPar.png Graphic file (type png)
<use cdt/theme/logoPar.png>
Package pdftex.def Info: cdt/theme/logoPar.png  used on input line 129.
(pdftex.def)             Requested size: 32.73712pt x 35.0pt.
File: cdt/theme/pleca.jpg Graphic file (type jpg)
<use cdt/theme/pleca.jpg>
Package pdftex.def Info: cdt/theme/pleca.jpg  used on input line 129.
(pdftex.def)             Requested size: 614.29454pt x 133.69939pt.
 [8

]
Cap\'{\i }tulo 4.
Package atveryend Info: Empty hook `BeforeClearDocument' on input line 136.
File: cdt/theme/pleca.jpg Graphic file (type jpg)
<use cdt/theme/pleca.jpg>
Package pdftex.def Info: cdt/theme/pleca.jpg  used on input line 136.
(pdftex.def)             Requested size: 614.29454pt x 133.69939pt.
[9]
Package atveryend Info: Empty hook `AfterLastShipout' on input line 136.
 (./analisisTitulacion.aux
LaTeX Info: Redefining \. on input line 25.
LaTeX Info: Redefining \% on input line 25.
)
Package atveryend Info: Executing hook `AtVeryEndDocument' on input line 136.
Package atveryend Info: Executing hook `AtEndAfterFileList' on input line 136.


Package rerunfilecheck Warning: File `analisisTitulacion.out' has changed.
(rerunfilecheck)                Rerun to get outlines right
(rerunfilecheck)                or use package `bookmark'.

Package rerunfilecheck Info: Checksums for `analisisTitulacion.out':
(rerunfilecheck)             Before: AAEEB328D8E70D7F86773C27198DB07E;5520
(rerunfilecheck)             After:  F422F21440D95FD374FC7F103826E9E7;487.

LaTeX Font Warning: Some font shapes were not available, defaults substituted.


LaTeX Warning: Label(s) may have changed. Rerun to get cross-references right.

Package atveryend Info: Empty hook `AtVeryVeryEnd' on input line 136.
 ) 
Here is how much of TeX's memory you used:
 10987 strings out of 481239
 167639 string characters out of 5920376
 487402 words of memory out of 5000000
 25882 multiletter control sequences out of 15000+600000
 542378 words of font info for 58 fonts, out of 8000000 for 9000
 1141 hyphenation exceptions out of 8191
 69i,15n,61p,937b,675s stack positions out of 5000i,500n,10000p,200000b,80000s
pdfTeX warning (dest): name{subsection.4.17.3} has been referenced but does n
ot exist, replaced by a fixed one

pdfTeX warning (dest): name{subsection.4.17.2} has been referenced but does not
 exist, replaced by a fixed one

pdfTeX warning (dest): name{subsection.4.17.1} has been referenced but does not
 exist, replaced by a fixed one

pdfTeX warning (dest): name{section.4.17} has been referenced but does not exis
t, replaced by a fixed one

pdfTeX warning (dest): name{subsection.4.16.3} has been referenced but does not
 exist, replaced by a fixed one

pdfTeX warning (dest): name{subsection.4.16.2} has been referenced but does not
 exist, replaced by a fixed one

pdfTeX warning (dest): name{subsection.4.16.1} has been referenced but does not
 exist, replaced by a fixed one

pdfTeX warning (dest): name{section.4.16} has been referenced but does not exis
t, replaced by a fixed one

pdfTeX warning (dest): name{subsection.4.15.3} has been referenced but does not
 exist, replaced by a fixed one

pdfTeX warning (dest): name{subsection.4.15.2} has been referenced but does not
 exist, replaced by a fixed one

pdfTeX warning (dest): name{subsection.4.15.1} has been referenced but does not
 exist, replaced by a fixed one

pdfTeX warning (dest): name{section.4.15} has been referenced but does not exis
t, replaced by a fixed one

pdfTeX warning (dest): name{subsection.4.14.3} has been referenced but does not
 exist, replaced by a fixed one

pdfTeX warning (dest): name{subsection.4.14.2} has been referenced but does not
 exist, replaced by a fixed one

pdfTeX warning (dest): name{subsection.4.14.1} has been referenced but does not
 exist, replaced by a fixed one

pdfTeX warning (dest): name{section.4.14} has been referenced but does not exis
t, replaced by a fixed one

pdfTeX warning (dest): name{subsection.4.13.3} has been referenced but does not
 exist, replaced by a fixed one

pdfTeX warning (dest): name{subsection.4.13.2} has been referenced but does not
 exist, replaced by a fixed one

pdfTeX warning (dest): name{subsection.4.13.1} has been referenced but does not
 exist, replaced by a fixed one

pdfTeX warning (dest): name{section.4.13} has been referenced but does not exis
t, replaced by a fixed one

pdfTeX warning (dest): name{subsection.4.12.3} has been referenced but does not
 exist, replaced by a fixed one

pdfTeX warning (dest): name{subsection.4.12.2} has been referenced but does not
 exist, replaced by a fixed one

pdfTeX warning (dest): name{subsection.4.12.1} has been referenced but does not
 exist, replaced by a fixed one

pdfTeX warning (dest): name{section.4.12} has been referenced but does not exis
t, replaced by a fixed one

pdfTeX warning (dest): name{subsection.4.11.3} has been referenced but does not
 exist, replaced by a fixed one

pdfTeX warning (dest): name{subsection.4.11.2} has been referenced but does not
 exist, replaced by a fixed one

pdfTeX warning (dest): name{subsection.4.11.1} has been referenced but does not
 exist, replaced by a fixed one

pdfTeX warning (dest): name{section.4.11} has been referenced but does not exis
t, replaced by a fixed one

pdfTeX warning (dest): name{subsection.4.10.3} has been referenced but does not
 exist, replaced by a fixed one

pdfTeX warning (dest): name{subsection.4.10.2} has been referenced but does not
 exist, replaced by a fixed one

pdfTeX warning (dest): name{subsection.4.10.1} has been referenced but does not
 exist, replaced by a fixed one

pdfTeX warning (dest): name{section.4.10} has been referenced but does not exis
t, replaced by a fixed one

pdfTeX warning (dest): name{subsection.4.9.3} has been referenced but does not 
exist, replaced by a fixed one

pdfTeX warning (dest): name{subsection.4.9.2} has been referenced but does not 
exist, replaced by a fixed one

pdfTeX warning (dest): name{subsection.4.9.1} has been referenced but does not 
exist, replaced by a fixed one

pdfTeX warning (dest): name{section.4.9} has been referenced but does not exist
, replaced by a fixed one

pdfTeX warning (dest): name{subsection.4.8.3} has been referenced but does not 
exist, replaced by a fixed one

pdfTeX warning (dest): name{subsection.4.8.2} has been referenced but does not 
exist, replaced by a fixed one

pdfTeX warning (dest): name{subsection.4.8.1} has been referenced but does not 
exist, replaced by a fixed one

pdfTeX warning (dest): name{section.4.8} has been referenced but does not exist
, replaced by a fixed one

pdfTeX warning (dest): name{subsection.4.7.3} has been referenced but does not 
exist, replaced by a fixed one

pdfTeX warning (dest): name{subsection.4.7.2} has been referenced but does not 
exist, replaced by a fixed one

pdfTeX warning (dest): name{subsection.4.7.1} has been referenced but does not 
exist, replaced by a fixed one

pdfTeX warning (dest): name{section.4.7} has been referenced but does not exist
, replaced by a fixed one

pdfTeX warning (dest): name{subsection.4.6.3} has been referenced but does not 
exist, replaced by a fixed one

pdfTeX warning (dest): name{subsection.4.6.2} has been referenced but does not 
exist, replaced by a fixed one

pdfTeX warning (dest): name{subsection.4.6.1} has been referenced but does not 
exist, replaced by a fixed one

pdfTeX warning (dest): name{section.4.6} has been referenced but does not exist
, replaced by a fixed one

pdfTeX warning (dest): name{subsection.4.5.3} has been referenced but does not 
exist, replaced by a fixed one

pdfTeX warning (dest): name{subsection.4.5.2} has been referenced but does not 
exist, replaced by a fixed one

pdfTeX warning (dest): name{subsection.4.5.1} has been referenced but does not 
exist, replaced by a fixed one

pdfTeX warning (dest): name{section.4.5} has been referenced but does not exist
, replaced by a fixed one

pdfTeX warning (dest): name{subsection.4.4.3} has been referenced but does not 
exist, replaced by a fixed one

pdfTeX warning (dest): name{subsection.4.4.2} has been referenced but does not 
exist, replaced by a fixed one

pdfTeX warning (dest): name{subsection.4.4.1} has been referenced but does not 
exist, replaced by a fixed one

pdfTeX warning (dest): name{section.4.4} has been referenced but does not exist
, replaced by a fixed one

pdfTeX warning (dest): name{subsection.4.3.3} has been referenced but does not 
exist, replaced by a fixed one

pdfTeX warning (dest): name{subsection.4.3.2} has been referenced but does not 
exist, replaced by a fixed one

pdfTeX warning (dest): name{subsection.4.3.1} has been referenced but does not 
exist, replaced by a fixed one

pdfTeX warning (dest): name{section.4.3} has been referenced but does not exist
, replaced by a fixed one

pdfTeX warning (dest): name{subsection.4.2.3} has been referenced but does not 
exist, replaced by a fixed one

pdfTeX warning (dest): name{subsection.4.2.2} has been referenced but does not 
exist, replaced by a fixed one

pdfTeX warning (dest): name{subsection.4.2.1} has been referenced but does not 
exist, replaced by a fixed one

pdfTeX warning (dest): name{section.4.2} has been referenced but does not exist
, replaced by a fixed one

pdfTeX warning (dest): name{subsection.4.1.3} has been referenced but does not 
exist, replaced by a fixed one

pdfTeX warning (dest): name{subsection.4.1.2} has been referenced but does not 
exist, replaced by a fixed one

pdfTeX warning (dest): name{subsection.4.1.1} has been referenced but does not 
exist, replaced by a fixed one

pdfTeX warning (dest): name{section.4.1} has been referenced but does not exist
, replaced by a fixed one

{/usr/share/texmf/fonts/enc/dvips/cm-super/cm-super-ts1.enc}</usr/share/texlive
/texmf-dist/fonts/type1/public/hfbright/hfbr10.pfb></usr/share/texlive/texmf-di
st/fonts/type1/public/hfbright/hfbr17.pfb></usr/share/texlive/texmf-dist/fonts/
type1/public/hfbright/hfbr8.pfb></usr/share/texlive/texmf-dist/fonts/type1/publ
ic/hfbright/hfbr9.pfb></usr/share/texlive/texmf-dist/fonts/type1/public/hfbrigh
t/hfbrbx10.pfb></usr/share/texlive/texmf-dist/fonts/type1/public/hfbright/hfbrs
l8.pfb></usr/share/texlive/texmf-dist/fonts/type1/public/hfbright/hfbrsy10.pfb>
</usr/share/texlive/texmf-dist/fonts/type1/public/marvosym/marvosym.pfb></usr/s
hare/texmf/fonts/type1/public/cm-super/sfbmr10.pfb>
Output written on analisisTitulacion.pdf (17 pages, 539106 bytes).
PDF statistics:
 553 PDF objects out of 1000 (max. 8388607)
 504 compressed objects within 6 object streams
 106 named destinations out of 1000 (max. 500000)
 659 words of extra memory for PDF output out of 10000 (max. 10000000)

